<?xml version="1.0" encoding="UTF-8"?>
<testsuites>
  <testsuite name="" tests="11" assertions="39" errors="0" warnings="0" failures="0" skipped="0" time="0.225221">
    <testsuite name="Laravel Pokemontcg Test Suite" tests="11" assertions="39" errors="0" warnings="0" failures="0" skipped="0" time="0.225221">
      <testsuite name="Slatyo\LaravelPokemontcg\Tests\ModelTest" file="C:\Users\Slaty\Documents\GitHub\laravel-pokemontcg\tests\ModelTest.php" tests="2" assertions="7" errors="0" warnings="0" failures="0" skipped="0" time="0.113264">
        <testcase name="testEndpointMethods" class="Slatyo\LaravelPokemontcg\Tests\ModelTest" classname="Slatyo.LaravelPokemontcg.Tests.ModelTest" file="C:\Users\Slaty\Documents\GitHub\laravel-pokemontcg\tests\ModelTest.php" line="15" assertions="6" time="0.096137"/>
        <testcase name="testResolvingResponse" class="Slatyo\LaravelPokemontcg\Tests\ModelTest" classname="Slatyo.LaravelPokemontcg.Tests.ModelTest" file="C:\Users\Slaty\Documents\GitHub\laravel-pokemontcg\tests\ModelTest.php" line="57" assertions="1" time="0.017127"/>
      </testsuite>
      <testsuite name="Slatyo\LaravelPokemontcg\Tests\PokemontcgTest" file="C:\Users\Slaty\Documents\GitHub\laravel-pokemontcg\tests\PokemontcgTest.php" tests="9" assertions="32" errors="0" warnings="0" failures="0" skipped="0" time="0.111957">
        <testcase name="testPokemontcgFacadeAccessor" class="Slatyo\LaravelPokemontcg\Tests\PokemontcgTest" classname="Slatyo.LaravelPokemontcg.Tests.PokemontcgTest" file="C:\Users\Slaty\Documents\GitHub\laravel-pokemontcg\tests\PokemontcgTest.php" line="23" assertions="1" time="0.009059"/>
        <testcase name="testStaticMethods" class="Slatyo\LaravelPokemontcg\Tests\PokemontcgTest" classname="Slatyo.LaravelPokemontcg.Tests.PokemontcgTest" file="C:\Users\Slaty\Documents\GitHub\laravel-pokemontcg\tests\PokemontcgTest.php" line="42" assertions="6" time="0.013088"/>
        <testcase name="testTypeEndpoints" class="Slatyo\LaravelPokemontcg\Tests\PokemontcgTest" classname="Slatyo.LaravelPokemontcg.Tests.PokemontcgTest" file="C:\Users\Slaty\Documents\GitHub\laravel-pokemontcg\tests\PokemontcgTest.php" line="181" assertions="1" time="0.020927"/>
        <testcase name="testSetEndpoints" class="Slatyo\LaravelPokemontcg\Tests\PokemontcgTest" classname="Slatyo.LaravelPokemontcg.Tests.PokemontcgTest" file="C:\Users\Slaty\Documents\GitHub\laravel-pokemontcg\tests\PokemontcgTest.php" line="124" assertions="4" time="0.011846"/>
        <testcase name="testSupertypeEndpoints" class="Slatyo\LaravelPokemontcg\Tests\PokemontcgTest" classname="Slatyo.LaravelPokemontcg.Tests.PokemontcgTest" file="C:\Users\Slaty\Documents\GitHub\laravel-pokemontcg\tests\PokemontcgTest.php" line="157" assertions="1" time="0.009817"/>
        <testcase name="testPokemontcgFacade" class="Slatyo\LaravelPokemontcg\Tests\PokemontcgTest" classname="Slatyo.LaravelPokemontcg.Tests.PokemontcgTest" file="C:\Users\Slaty\Documents\GitHub\laravel-pokemontcg\tests\PokemontcgTest.php" line="30" assertions="7" time="0.013122"/>
        <testcase name="testRarityEndpoints" class="Slatyo\LaravelPokemontcg\Tests\PokemontcgTest" classname="Slatyo.LaravelPokemontcg.Tests.PokemontcgTest" file="C:\Users\Slaty\Documents\GitHub\laravel-pokemontcg\tests\PokemontcgTest.php" line="193" assertions="1" time="0.010221"/>
        <testcase name="testCardEndpoints" class="Slatyo\LaravelPokemontcg\Tests\PokemontcgTest" classname="Slatyo.LaravelPokemontcg.Tests.PokemontcgTest" file="C:\Users\Slaty\Documents\GitHub\laravel-pokemontcg\tests\PokemontcgTest.php" line="52" assertions="10" time="0.014286"/>
        <testcase name="testSubtypeEndpoints" class="Slatyo\LaravelPokemontcg\Tests\PokemontcgTest" classname="Slatyo.LaravelPokemontcg.Tests.PokemontcgTest" file="C:\Users\Slaty\Documents\GitHub\laravel-pokemontcg\tests\PokemontcgTest.php" line="169" assertions="1" time="0.009591"/>
      </testsuite>
    </testsuite>
  </testsuite>
</testsuites>
