<?xml version="1.0" encoding="UTF-8"?>
<testsuites>
  <testsuite name="" tests="3" assertions="8" errors="0" warnings="0" failures="0" skipped="0" time="0.078394">
    <testsuite name="Laravel Pokemontcg Test Suite" tests="3" assertions="8" errors="0" warnings="0" failures="0" skipped="0" time="0.078394">
      <testsuite name="Slaty\LaravelPokemontcg\Tests\ExampleTest" file="/Users/marc/Development/laravel-pokemontcg/tests/ExampleTest.php" tests="1" assertions="1" errors="0" warnings="0" failures="0" skipped="0" time="0.057250">
        <testcase name="test_example" class="Slaty\LaravelPokemontcg\Tests\ExampleTest" classname="Slaty.LaravelPokemontcg.Tests.ExampleTest" file="/Users/marc/Development/laravel-pokemontcg/tests/ExampleTest.php" line="12" assertions="1" time="0.057250"/>
      </testsuite>
      <testsuite name="Slaty\LaravelPokemontcg\Tests\PokemontcgTest" file="/Users/marc/Development/laravel-pokemontcg/tests/PokemontcgTest.php" tests="2" assertions="7" errors="0" warnings="0" failures="0" skipped="0" time="0.021143">
        <testcase name="testCardEndpoints" class="Slaty\LaravelPokemontcg\Tests\PokemontcgTest" classname="Slaty.LaravelPokemontcg.Tests.PokemontcgTest" file="/Users/marc/Development/laravel-pokemontcg/tests/PokemontcgTest.php" line="27" assertions="1" time="0.014927"/>
        <testcase name="testStaticMethods" class="Slaty\LaravelPokemontcg\Tests\PokemontcgTest" classname="Slaty.LaravelPokemontcg.Tests.PokemontcgTest" file="/Users/marc/Development/laravel-pokemontcg/tests/PokemontcgTest.php" line="17" assertions="6" time="0.006216"/>
      </testsuite>
    </testsuite>
  </testsuite>
</testsuites>
