<?xml version="1.0" encoding="UTF-8"?>
<testsuites>
  <testsuite name="" tests="9" assertions="29" errors="0" warnings="0" failures="0" skipped="0" time="0.200690">
    <testsuite name="Laravel Pokemontcg Test Suite" tests="9" assertions="29" errors="0" warnings="0" failures="0" skipped="0" time="0.200690">
      <testsuite name="Slatyo\LaravelPokemontcg\Tests\PokemontcgTest" file="C:\Users\Slaty\Documents\GitHub\laravel-pokemontcg\tests\PokemontcgTest.php" tests="7" assertions="22" errors="0" warnings="0" failures="0" skipped="0" time="0.175246">
        <testcase name="testStaticMethods" class="Slatyo\LaravelPokemontcg\Tests\PokemontcgTest" classname="Slatyo.LaravelPokemontcg.Tests.PokemontcgTest" file="C:\Users\Slaty\Documents\GitHub\laravel-pokemontcg\tests\PokemontcgTest.php" line="17" assertions="6" time="0.099882"/>
        <testcase name="testRarityEndpoints" class="Slatyo\LaravelPokemontcg\Tests\PokemontcgTest" classname="Slatyo.LaravelPokemontcg.Tests.PokemontcgTest" file="C:\Users\Slaty\Documents\GitHub\laravel-pokemontcg\tests\PokemontcgTest.php" line="154" assertions="1" time="0.022276"/>
        <testcase name="testCardEndpoints" class="Slatyo\LaravelPokemontcg\Tests\PokemontcgTest" classname="Slatyo.LaravelPokemontcg.Tests.PokemontcgTest" file="C:\Users\Slaty\Documents\GitHub\laravel-pokemontcg\tests\PokemontcgTest.php" line="27" assertions="10" time="0.013950"/>
        <testcase name="testSetEndpoints" class="Slatyo\LaravelPokemontcg\Tests\PokemontcgTest" classname="Slatyo.LaravelPokemontcg.Tests.PokemontcgTest" file="C:\Users\Slaty\Documents\GitHub\laravel-pokemontcg\tests\PokemontcgTest.php" line="99" assertions="2" time="0.010252"/>
        <testcase name="testSupertypeEndpoints" class="Slatyo\LaravelPokemontcg\Tests\PokemontcgTest" classname="Slatyo.LaravelPokemontcg.Tests.PokemontcgTest" file="C:\Users\Slaty\Documents\GitHub\laravel-pokemontcg\tests\PokemontcgTest.php" line="118" assertions="1" time="0.009578"/>
        <testcase name="testSubtypeEndpoints" class="Slatyo\LaravelPokemontcg\Tests\PokemontcgTest" classname="Slatyo.LaravelPokemontcg.Tests.PokemontcgTest" file="C:\Users\Slaty\Documents\GitHub\laravel-pokemontcg\tests\PokemontcgTest.php" line="130" assertions="1" time="0.009657"/>
        <testcase name="testTypeEndpoints" class="Slatyo\LaravelPokemontcg\Tests\PokemontcgTest" classname="Slatyo.LaravelPokemontcg.Tests.PokemontcgTest" file="C:\Users\Slaty\Documents\GitHub\laravel-pokemontcg\tests\PokemontcgTest.php" line="142" assertions="1" time="0.009652"/>
      </testsuite>
      <testsuite name="Slatyo\LaravelPokemontcg\Tests\ModelTest" file="C:\Users\Slaty\Documents\GitHub\laravel-pokemontcg\tests\ModelTest.php" tests="2" assertions="7" errors="0" warnings="0" failures="0" skipped="0" time="0.025443">
        <testcase name="testResolvingResponse" class="Slatyo\LaravelPokemontcg\Tests\ModelTest" classname="Slatyo.LaravelPokemontcg.Tests.ModelTest" file="C:\Users\Slaty\Documents\GitHub\laravel-pokemontcg\tests\ModelTest.php" line="57" assertions="1" time="0.016207"/>
        <testcase name="testEndpointMethods" class="Slatyo\LaravelPokemontcg\Tests\ModelTest" classname="Slatyo.LaravelPokemontcg.Tests.ModelTest" file="C:\Users\Slaty\Documents\GitHub\laravel-pokemontcg\tests\ModelTest.php" line="15" assertions="6" time="0.009236"/>
      </testsuite>
    </testsuite>
  </testsuite>
</testsuites>
