<?xml version="1.0" encoding="UTF-8"?>
<testsuites>
  <testsuite name="" tests="29" assertions="69" errors="0" warnings="0" failures="0" skipped="0" time="0.494000">
    <testsuite name="Laravel Pokemontcg Test Suite" tests="29" assertions="69" errors="0" warnings="0" failures="0" skipped="0" time="0.494000">
      <testsuite name="Slatyo\LaravelPokemontcg\Tests\PokemontcgTest" file="/Users/marc/Development/laravel-pokemontcg/tests/PokemontcgTest.php" tests="27" assertions="62" errors="0" warnings="0" failures="0" skipped="0" time="0.459176">
        <testcase name="testStaticRarityEndpoints" class="Slatyo\LaravelPokemontcg\Tests\PokemontcgTest" classname="Slatyo.LaravelPokemontcg.Tests.PokemontcgTest" file="/Users/marc/Development/laravel-pokemontcg/tests/PokemontcgTest.php" line="439" assertions="1" time="0.083611"/>
        <testcase name="testRarityFacadeAccessor" class="Slatyo\LaravelPokemontcg\Tests\PokemontcgTest" classname="Slatyo.LaravelPokemontcg.Tests.PokemontcgTest" file="/Users/marc/Development/laravel-pokemontcg/tests/PokemontcgTest.php" line="49" assertions="1" time="0.012377"/>
        <testcase name="testStaticMethods" class="Slatyo\LaravelPokemontcg\Tests\PokemontcgTest" classname="Slatyo.LaravelPokemontcg.Tests.PokemontcgTest" file="/Users/marc/Development/laravel-pokemontcg/tests/PokemontcgTest.php" line="144" assertions="6" time="0.019574"/>
        <testcase name="testTypeFacadeAccessor" class="Slatyo\LaravelPokemontcg\Tests\PokemontcgTest" classname="Slatyo.LaravelPokemontcg.Tests.PokemontcgTest" file="/Users/marc/Development/laravel-pokemontcg/tests/PokemontcgTest.php" line="89" assertions="1" time="0.012073"/>
        <testcase name="testSubtypeFacade" class="Slatyo\LaravelPokemontcg\Tests\PokemontcgTest" classname="Slatyo.LaravelPokemontcg.Tests.PokemontcgTest" file="/Users/marc/Development/laravel-pokemontcg/tests/PokemontcgTest.php" line="126" assertions="1" time="0.014194"/>
        <testcase name="testTypeFacade" class="Slatyo\LaravelPokemontcg\Tests\PokemontcgTest" classname="Slatyo.LaravelPokemontcg.Tests.PokemontcgTest" file="/Users/marc/Development/laravel-pokemontcg/tests/PokemontcgTest.php" line="138" assertions="1" time="0.012460"/>
        <testcase name="testCardFacadeAccessor" class="Slatyo\LaravelPokemontcg\Tests\PokemontcgTest" classname="Slatyo.LaravelPokemontcg.Tests.PokemontcgTest" file="/Users/marc/Development/laravel-pokemontcg/tests/PokemontcgTest.php" line="39" assertions="1" time="0.012737"/>
        <testcase name="testStaticSetEndpoints" class="Slatyo\LaravelPokemontcg\Tests\PokemontcgTest" classname="Slatyo.LaravelPokemontcg.Tests.PokemontcgTest" file="/Users/marc/Development/laravel-pokemontcg/tests/PokemontcgTest.php" line="330" assertions="4" time="0.015850"/>
        <testcase name="testCardEndpoints" class="Slatyo\LaravelPokemontcg\Tests\PokemontcgTest" classname="Slatyo.LaravelPokemontcg.Tests.PokemontcgTest" file="/Users/marc/Development/laravel-pokemontcg/tests/PokemontcgTest.php" line="154" assertions="10" time="0.020980"/>
        <testcase name="testPokemontcgFacade" class="Slatyo\LaravelPokemontcg\Tests\PokemontcgTest" classname="Slatyo.LaravelPokemontcg.Tests.PokemontcgTest" file="/Users/marc/Development/laravel-pokemontcg/tests/PokemontcgTest.php" line="96" assertions="7" time="0.019848"/>
        <testcase name="testStaticTypeEndpoints" class="Slatyo\LaravelPokemontcg\Tests\PokemontcgTest" classname="Slatyo.LaravelPokemontcg.Tests.PokemontcgTest" file="/Users/marc/Development/laravel-pokemontcg/tests/PokemontcgTest.php" line="417" assertions="1" time="0.013478"/>
        <testcase name="testStaticCardEndpoints" class="Slatyo\LaravelPokemontcg\Tests\PokemontcgTest" classname="Slatyo.LaravelPokemontcg.Tests.PokemontcgTest" file="/Users/marc/Development/laravel-pokemontcg/tests/PokemontcgTest.php" line="226" assertions="10" time="0.020060"/>
        <testcase name="testRarityEndpoints" class="Slatyo\LaravelPokemontcg\Tests\PokemontcgTest" classname="Slatyo.LaravelPokemontcg.Tests.PokemontcgTest" file="/Users/marc/Development/laravel-pokemontcg/tests/PokemontcgTest.php" line="427" assertions="1" time="0.013557"/>
        <testcase name="testSetFacadeAccessor" class="Slatyo\LaravelPokemontcg\Tests\PokemontcgTest" classname="Slatyo.LaravelPokemontcg.Tests.PokemontcgTest" file="/Users/marc/Development/laravel-pokemontcg/tests/PokemontcgTest.php" line="59" assertions="1" time="0.012585"/>
        <testcase name="testSetEndpoints" class="Slatyo\LaravelPokemontcg\Tests\PokemontcgTest" classname="Slatyo.LaravelPokemontcg.Tests.PokemontcgTest" file="/Users/marc/Development/laravel-pokemontcg/tests/PokemontcgTest.php" line="297" assertions="4" time="0.017202"/>
        <testcase name="testSupertypeFacadeAccessor" class="Slatyo\LaravelPokemontcg\Tests\PokemontcgTest" classname="Slatyo.LaravelPokemontcg.Tests.PokemontcgTest" file="/Users/marc/Development/laravel-pokemontcg/tests/PokemontcgTest.php" line="79" assertions="1" time="0.012056"/>
        <testcase name="testSubtypeEndpoints" class="Slatyo\LaravelPokemontcg\Tests\PokemontcgTest" classname="Slatyo.LaravelPokemontcg.Tests.PokemontcgTest" file="/Users/marc/Development/laravel-pokemontcg/tests/PokemontcgTest.php" line="383" assertions="1" time="0.014046"/>
        <testcase name="testTypeEndpoints" class="Slatyo\LaravelPokemontcg\Tests\PokemontcgTest" classname="Slatyo.LaravelPokemontcg.Tests.PokemontcgTest" file="/Users/marc/Development/laravel-pokemontcg/tests/PokemontcgTest.php" line="405" assertions="1" time="0.012545"/>
        <testcase name="testStaticSubtypeEndpoints" class="Slatyo\LaravelPokemontcg\Tests\PokemontcgTest" classname="Slatyo.LaravelPokemontcg.Tests.PokemontcgTest" file="/Users/marc/Development/laravel-pokemontcg/tests/PokemontcgTest.php" line="395" assertions="1" time="0.014081"/>
        <testcase name="testRarityFacade" class="Slatyo\LaravelPokemontcg\Tests\PokemontcgTest" classname="Slatyo.LaravelPokemontcg.Tests.PokemontcgTest" file="/Users/marc/Development/laravel-pokemontcg/tests/PokemontcgTest.php" line="114" assertions="1" time="0.013704"/>
        <testcase name="testCardFacade" class="Slatyo\LaravelPokemontcg\Tests\PokemontcgTest" classname="Slatyo.LaravelPokemontcg.Tests.PokemontcgTest" file="/Users/marc/Development/laravel-pokemontcg/tests/PokemontcgTest.php" line="108" assertions="1" time="0.013298"/>
        <testcase name="testSupertypeEndpoints" class="Slatyo\LaravelPokemontcg\Tests\PokemontcgTest" classname="Slatyo.LaravelPokemontcg.Tests.PokemontcgTest" file="/Users/marc/Development/laravel-pokemontcg/tests/PokemontcgTest.php" line="361" assertions="1" time="0.013105"/>
        <testcase name="testStaticSupertypeEndpoints" class="Slatyo\LaravelPokemontcg\Tests\PokemontcgTest" classname="Slatyo.LaravelPokemontcg.Tests.PokemontcgTest" file="/Users/marc/Development/laravel-pokemontcg/tests/PokemontcgTest.php" line="373" assertions="1" time="0.013933"/>
        <testcase name="testSubtypeFacadeAccessor" class="Slatyo\LaravelPokemontcg\Tests\PokemontcgTest" classname="Slatyo.LaravelPokemontcg.Tests.PokemontcgTest" file="/Users/marc/Development/laravel-pokemontcg/tests/PokemontcgTest.php" line="69" assertions="1" time="0.012252"/>
        <testcase name="testPokemontcgFacadeAccessor" class="Slatyo\LaravelPokemontcg\Tests\PokemontcgTest" classname="Slatyo.LaravelPokemontcg.Tests.PokemontcgTest" file="/Users/marc/Development/laravel-pokemontcg/tests/PokemontcgTest.php" line="29" assertions="1" time="0.012825"/>
        <testcase name="testSetFacade" class="Slatyo\LaravelPokemontcg\Tests\PokemontcgTest" classname="Slatyo.LaravelPokemontcg.Tests.PokemontcgTest" file="/Users/marc/Development/laravel-pokemontcg/tests/PokemontcgTest.php" line="120" assertions="1" time="0.013012"/>
        <testcase name="testSupertypeFacade" class="Slatyo\LaravelPokemontcg\Tests\PokemontcgTest" classname="Slatyo.LaravelPokemontcg.Tests.PokemontcgTest" file="/Users/marc/Development/laravel-pokemontcg/tests/PokemontcgTest.php" line="132" assertions="1" time="0.013733"/>
      </testsuite>
      <testsuite name="Slatyo\LaravelPokemontcg\Tests\ModelTest" file="/Users/marc/Development/laravel-pokemontcg/tests/ModelTest.php" tests="2" assertions="7" errors="0" warnings="0" failures="0" skipped="0" time="0.034824">
        <testcase name="testResolvingResponse" class="Slatyo\LaravelPokemontcg\Tests\ModelTest" classname="Slatyo.LaravelPokemontcg.Tests.ModelTest" file="/Users/marc/Development/laravel-pokemontcg/tests/ModelTest.php" line="57" assertions="1" time="0.021350"/>
        <testcase name="testEndpointMethods" class="Slatyo\LaravelPokemontcg\Tests\ModelTest" classname="Slatyo.LaravelPokemontcg.Tests.ModelTest" file="/Users/marc/Development/laravel-pokemontcg/tests/ModelTest.php" line="15" assertions="6" time="0.013474"/>
      </testsuite>
    </testsuite>
  </testsuite>
</testsuites>
